<?xml version="1.0" encoding="UTF-8"?>
<!-- Generated by org.testng.reporters.JUnitReportReporter -->
<testsuite hostname="LAPTOP-HK8QK20C" failures="0" tests="3" name="com.wizGradeSchoolapp.practice.practiceTest2" time="31.081" errors="0" timestamp="2022-08-18T16:17:25 IST" skipped="0">
  <testcase classname="com.wizGradeSchoolapp.practice.practiceTest2" name="deleteProjectTest" time="5.338"/>
  <system-out/>
  <testcase classname="com.wizGradeSchoolapp.practice.practiceTest2" name="editProjectTest" time="1.951"/>
  <system-out/>
  <testcase classname="com.wizGradeSchoolapp.practice.practiceTest2" name="createProjectTest" time="23.792"/>
  <system-out/>
</testsuite> <!-- com.wizGradeSchoolapp.practice.practiceTest2 -->
