<?xml version="1.0" encoding="UTF-8"?>
<!-- Generated by org.testng.reporters.JUnitReportReporter -->
<testsuite hostname="LAPTOP-HK8QK20C" failures="0" tests="2" name="com.wizGradeSchoolapp.adminTestNG.AddStudentAndVerify" time="17.176" errors="0" timestamp="2022-08-19T12:10:29 IST" skipped="0">
  <testcase classname="com.wizGradeSchoolapp.adminTestNG.AddStudentAndVerify" name="addSubjectRoutingTest" time="5.830"/>
  <system-out/>
  <testcase classname="com.wizGradeSchoolapp.adminTestNG.AddStudentAndVerify" name="createStudentTest" time="11.346"/>
  <system-out/>
</testsuite> <!-- com.wizGradeSchoolapp.adminTestNG.AddStudentAndVerify -->
