<?xml version="1.0" encoding="UTF-8"?>
<!-- Generated by org.testng.reporters.JUnitReportReporter -->
<testsuite hostname="LAPTOP-HK8QK20C" failures="0" tests="5" name="com.wizGradeSchoolapp.practice.Booking" time="0.007" errors="0" timestamp="2022-08-17T10:43:44 IST" skipped="0">
  <testcase classname="com.wizGradeSchoolapp.practice.Booking" name="bookingTicketTest" time="0.000"/>
  <system-out/>
  <testcase classname="com.wizGradeSchoolapp.practice.Booking" name="bookingTicketTest" time="0.006"/>
  <system-out/>
  <testcase classname="com.wizGradeSchoolapp.practice.Booking" name="bookingTicketTest" time="0.000"/>
  <system-out/>
  <testcase classname="com.wizGradeSchoolapp.practice.Booking" name="bookingTicketTest" time="0.001"/>
  <system-out/>
  <testcase classname="com.wizGradeSchoolapp.practice.Booking" name="bookingTicketTest" time="0.000"/>
  <system-out/>
</testsuite> <!-- com.wizGradeSchoolapp.practice.Booking -->
